TestDriver.cs(20,7): error CS0246: The type or namespace name 'TestedTwo' could not be found (are you missing a using directive or an assembly reference?)
TestDriver.cs(20,27): error CS0246: The type or namespace name 'TestedTwo' could not be found (are you missing a using directive or an assembly reference?)
